0 info it worked if it ends with ok
1 verbose cli [ 'node', '/usr/local/bin/npm', 'install', '-g', 'bower' ]
2 info using npm@2.5.1
3 info using node@v0.12.0
4 silly cache add args [ 'bower', null ]
5 verbose cache add spec bower
6 silly cache add parsed spec { raw: 'bower',
6 silly cache add   scope: null,
6 silly cache add   name: 'bower',
6 silly cache add   rawSpec: '',
6 silly cache add   spec: '*',
6 silly cache add   type: 'range' }
7 verbose addNamed bower@*
8 silly addNamed semver.valid null
9 silly addNamed semver.validRange *
10 silly addNameRange { name: 'bower', range: '*', hasData: false }
11 silly mapToRegistry name bower
12 silly mapToRegistry using default registry
13 silly mapToRegistry registry https://registry.npmjs.org/
14 silly mapToRegistry uri https://registry.npmjs.org/bower
15 verbose addNameRange registry:https://registry.npmjs.org/bower not in flight; fetching
16 verbose request uri https://registry.npmjs.org/bower
17 verbose request no auth needed
18 info attempt registry request try #1 at 11:50:15 AM
19 verbose request id 107ac05607728048
20 http request GET https://registry.npmjs.org/bower
21 http 200 https://registry.npmjs.org/bower
22 silly get cb [ 200,
22 silly get   { server: 'CouchDB/1.5.0 (Erlang OTP/R16B03)',
22 silly get     etag: '"CI9Q6WN3X6SFCNWCUJB69XBOH"',
22 silly get     'content-type': 'application/json',
22 silly get     'cache-control': 'max-age=60',
22 silly get     'content-length': '113143',
22 silly get     'accept-ranges': 'bytes',
22 silly get     date: 'Tue, 18 Aug 2015 10:49:36 GMT',
22 silly get     via: '1.1 varnish',
22 silly get     age: '27',
22 silly get     connection: 'keep-alive',
22 silly get     'x-served-by': 'cache-fra1230-FRA',
22 silly get     'x-cache': 'HIT',
22 silly get     'x-cache-hits': '2',
22 silly get     'x-timer': 'S1439894976.831980,VS0,VE0',
22 silly get     vary: 'Accept' } ]
23 verbose get saving bower to /Users/Sivan/.npm/registry.npmjs.org/bower/.cache.json
24 silly addNameRange number 2 { name: 'bower', range: '*', hasData: true }
25 silly addNameRange versions [ 'bower',
25 silly addNameRange   [ '0.1.0',
25 silly addNameRange     '0.1.2',
25 silly addNameRange     '0.1.3',
25 silly addNameRange     '0.2.0',
25 silly addNameRange     '0.3.0',
25 silly addNameRange     '0.3.1',
25 silly addNameRange     '0.3.2',
25 silly addNameRange     '0.4.0',
25 silly addNameRange     '0.5.0',
25 silly addNameRange     '0.5.1',
25 silly addNameRange     '0.6.0',
25 silly addNameRange     '0.6.1',
25 silly addNameRange     '0.6.2',
25 silly addNameRange     '0.6.3',
25 silly addNameRange     '0.6.4',
25 silly addNameRange     '0.6.5',
25 silly addNameRange     '0.6.6',
25 silly addNameRange     '0.6.7',
25 silly addNameRange     '0.6.8',
25 silly addNameRange     '0.7.0',
25 silly addNameRange     '0.7.1',
25 silly addNameRange     '0.8.0',
25 silly addNameRange     '0.8.1',
25 silly addNameRange     '0.8.2',
25 silly addNameRange     '0.8.3',
25 silly addNameRange     '0.8.4',
25 silly addNameRange     '0.8.5',
25 silly addNameRange     '0.8.6',
25 silly addNameRange     '0.9.0',
25 silly addNameRange     '0.9.1',
25 silly addNameRange     '0.9.2',
25 silly addNameRange     '0.10.0',
25 silly addNameRange     '1.0.0',
25 silly addNameRange     '1.0.1',
25 silly addNameRange     '1.0.2',
25 silly addNameRange     '1.0.3',
25 silly addNameRange     '1.1.0',
25 silly addNameRange     '1.1.1',
25 silly addNameRange     '1.1.2',
25 silly addNameRange     '1.2.0',
25 silly addNameRange     '1.2.1',
25 silly addNameRange     '1.2.2',
25 silly addNameRange     '1.2.3',
25 silly addNameRange     '1.2.4',
25 silly addNameRange     '1.2.5',
25 silly addNameRange     '1.2.6',
25 silly addNameRange     '1.2.7',
25 silly addNameRange     '1.2.8',
25 silly addNameRange     '1.3.0',
25 silly addNameRange     '1.3.1',
25 silly addNameRange     '1.3.2',
25 silly addNameRange     '1.3.3',
25 silly addNameRange     '1.3.4',
25 silly addNameRange     '1.3.5',
25 silly addNameRange     '1.3.6',
25 silly addNameRange     '1.3.7',
25 silly addNameRange     '1.3.8',
25 silly addNameRange     '1.3.9',
25 silly addNameRange     '1.3.10',
25 silly addNameRange     '1.3.11',
25 silly addNameRange     '1.3.12',
25 silly addNameRange     '1.4.0',
25 silly addNameRange     '1.4.1' ] ]
26 verbose addNamed bower@1.4.1
27 silly addNamed semver.valid 1.4.1
28 silly addNamed semver.validRange 1.4.1
29 silly mapToRegistry name bower
30 silly mapToRegistry using default registry
31 silly mapToRegistry registry https://registry.npmjs.org/
32 silly mapToRegistry uri https://registry.npmjs.org/bower
33 verbose addRemoteTarball https://registry.npmjs.org/bower/-/bower-1.4.1.tgz not in flight; adding
34 verbose addRemoteTarball [ 'https://registry.npmjs.org/bower/-/bower-1.4.1.tgz',
34 verbose addRemoteTarball   'a18be39d030792754f30f1c5b32d37b0156ba8dd' ]
35 info retry fetch attempt 1 at 11:50:15 AM
36 info attempt registry request try #1 at 11:50:15 AM
37 http fetch GET https://registry.npmjs.org/bower/-/bower-1.4.1.tgz
38 http fetch 200 https://registry.npmjs.org/bower/-/bower-1.4.1.tgz
39 silly fetchAndShaCheck shasum a18be39d030792754f30f1c5b32d37b0156ba8dd
40 verbose addTmpTarball /var/folders/tl/3pwl05d92bq63r8_kc9nmsy00000gn/T/npm-97421-4bfea3ad/registry.npmjs.org/bower/-/bower-1.4.1.tgz not in flight; adding
41 verbose addTmpTarball already have metadata; skipping unpack for bower@1.4.1
42 silly cache afterAdd bower@1.4.1
43 verbose afterAdd /Users/Sivan/.npm/bower/1.4.1/package/package.json not in flight; writing
44 verbose afterAdd /Users/Sivan/.npm/bower/1.4.1/package/package.json written
45 silly install resolved [ { name: 'bower',
45 silly install resolved     version: '1.4.1',
45 silly install resolved     description: 'The browser package manager',
45 silly install resolved     author: { name: 'Twitter' },
45 silly install resolved     licenses: [ [Object] ],
45 silly install resolved     repository: { type: 'git', url: 'https://github.com/bower/bower' },
45 silly install resolved     main: 'lib',
45 silly install resolved     homepage: 'http://bower.io',
45 silly install resolved     engines: { node: '>=0.10.0' },
45 silly install resolved     dependencies:
45 silly install resolved      { abbrev: '^1.0.5',
45 silly install resolved        archy: '1.0.0',
45 silly install resolved        'bower-config': '^0.6.1',
45 silly install resolved        'bower-endpoint-parser': '^0.2.2',
45 silly install resolved        'bower-json': '^0.4.0',
45 silly install resolved        'bower-logger': '^0.2.2',
45 silly install resolved        'bower-registry-client': '^0.3.0',
45 silly install resolved        cardinal: '0.4.4',
45 silly install resolved        chalk: '^1.0.0',
45 silly install resolved        chmodr: '0.1.0',
45 silly install resolved        configstore: '^0.3.2',
45 silly install resolved        'decompress-zip': '^0.1.0',
45 silly install resolved        fstream: '^1.0.3',
45 silly install resolved        'fstream-ignore': '^1.0.2',
45 silly install resolved        github: '^0.2.3',
45 silly install resolved        glob: '^4.3.2',
45 silly install resolved        'graceful-fs': '^3.0.5',
45 silly install resolved        handlebars: '^2.0.0',
45 silly install resolved        inquirer: '0.8.0',
45 silly install resolved        insight: '^0.5.0',
45 silly install resolved        'is-root': '^1.0.0',
45 silly install resolved        junk: '^1.0.0',
45 silly install resolved        lockfile: '^1.0.0',
45 silly install resolved        'lru-cache': '^2.5.0',
45 silly install resolved        mkdirp: '0.5.0',
45 silly install resolved        mout: '^0.11.0',
45 silly install resolved        nopt: '^3.0.1',
45 silly install resolved        opn: '^1.0.1',
45 silly install resolved        'p-throttler': '0.1.1',
45 silly install resolved        promptly: '0.2.0',
45 silly install resolved        q: '^1.1.2',
45 silly install resolved        request: '2.53.0',
45 silly install resolved        'request-progress': '0.3.1',
45 silly install resolved        retry: '0.6.1',
45 silly install resolved        rimraf: '^2.2.8',
45 silly install resolved        semver: '^2.3.0',
45 silly install resolved        'shell-quote': '^1.4.2',
45 silly install resolved        'stringify-object': '^1.0.0',
45 silly install resolved        'tar-fs': '^1.4.1',
45 silly install resolved        tmp: '0.0.24',
45 silly install resolved        'update-notifier': '^0.3.0',
45 silly install resolved        'user-home': '^1.1.0',
45 silly install resolved        which: '^1.0.8' },
45 silly install resolved     devDependencies:
45 silly install resolved      { chai: '^1.10.0',
45 silly install resolved        coveralls: '^2.11.2',
45 silly install resolved        'expect.js': '^0.3.1',
45 silly install resolved        grunt: '^0.4.5',
45 silly install resolved        'grunt-cli': '^0.1.13',
45 silly install resolved        'grunt-contrib-jshint': '^0.10.0',
45 silly install resolved        'grunt-contrib-watch': '^0.6.1',
45 silly install resolved        'grunt-exec': '^0.4.6',
45 silly install resolved        'grunt-simple-mocha': '^0.4.0',
45 silly install resolved        istanbul: '^0.3.5',
45 silly install resolved        'load-grunt-tasks': '^2.0.0',
45 silly install resolved        mocha: '^2.1.0',
45 silly install resolved        multiline: '^1.0.2',
45 silly install resolved        nock: '^0.56.0',
45 silly install resolved        'node-uuid': '^1.4.2',
45 silly install resolved        proxyquire: '^1.3.0',
45 silly install resolved        'spawn-sync': '^1.0.5' },
45 silly install resolved     scripts: { test: 'grunt test' },
45 silly install resolved     bin: { bower: 'bin/bower' },
45 silly install resolved     preferGlobal: true,
45 silly install resolved     gitHead: 'a1287416d40f944d58cb8f2e774e2076bfffd32f',
45 silly install resolved     bugs: { url: 'https://github.com/bower/bower/issues' },
45 silly install resolved     _id: 'bower@1.4.1',
45 silly install resolved     _shasum: 'a18be39d030792754f30f1c5b32d37b0156ba8dd',
45 silly install resolved     _from: 'bower@*',
45 silly install resolved     _npmVersion: '2.7.4',
45 silly install resolved     _nodeVersion: '0.12.0',
45 silly install resolved     _npmUser: { name: 'sheerun', email: 'sheerun@sher.pl' },
45 silly install resolved     maintainers: [ [Object], [Object], [Object], [Object], [Object], [Object] ],
45 silly install resolved     dist:
45 silly install resolved      { shasum: 'a18be39d030792754f30f1c5b32d37b0156ba8dd',
45 silly install resolved        tarball: 'http://registry.npmjs.org/bower/-/bower-1.4.1.tgz' },
45 silly install resolved     directories: {},
45 silly install resolved     _resolved: 'https://registry.npmjs.org/bower/-/bower-1.4.1.tgz' } ]
46 info install bower@1.4.1 into /usr/local/lib
47 info installOne bower@1.4.1
48 verbose installOne of bower to /usr/local/lib not in flight; installing
49 verbose lock using /Users/Sivan/.npm/_locks/bower-e8debc5417026b57.lock for /usr/local/lib/node_modules/bower
50 silly install write writing bower 1.4.1 to /usr/local/lib/node_modules/bower
51 silly cache addNamed cb bower@1.4.1
52 verbose unbuild lib/node_modules/bower
53 verbose gentlyRm vacuuming /usr/local/lib/node_modules/bower
54 verbose tar unpack /Users/Sivan/.npm/bower/1.4.1/package.tgz
55 verbose tar unpacking to /usr/local/lib/node_modules/bower
56 verbose gentlyRm vacuuming /usr/local/lib/node_modules/bower
57 silly gunzTarPerm modes [ '755', '644' ]
58 error tar.unpack untar error /Users/Sivan/.npm/bower/1.4.1/package.tgz
59 verbose unlock done using /Users/Sivan/.npm/_locks/bower-e8debc5417026b57.lock for /usr/local/lib/node_modules/bower
60 verbose fstream_path /usr/local/lib/node_modules/bower
61 verbose fstream_type Directory
62 verbose fstream_class DirWriter
63 verbose stack Error: EACCES, mkdir '/usr/local/lib/node_modules/bower'
63 verbose stack     at Error (native)
64 verbose fstream_stack /usr/local/lib/node_modules/npm/node_modules/fstream/lib/dir-writer.js:36:23
64 verbose fstream_stack /usr/local/lib/node_modules/npm/node_modules/mkdirp/index.js:46:53
64 verbose fstream_stack FSReqWrap.oncomplete (fs.js:99:15)
65 verbose cwd /Users/Sivan/Documents/Projects/thermostat
66 error Darwin 14.4.0
67 error argv "node" "/usr/local/bin/npm" "install" "-g" "bower"
68 error node v0.12.0
69 error npm  v2.5.1
70 error path /usr/local/lib/node_modules/bower
71 error code EACCES
72 error errno -13
73 error Error: EACCES, mkdir '/usr/local/lib/node_modules/bower'
73 error     at Error (native)
73 error  { [Error: EACCES, mkdir '/usr/local/lib/node_modules/bower']
73 error   errno: -13,
73 error   code: 'EACCES',
73 error   path: '/usr/local/lib/node_modules/bower',
73 error   fstream_type: 'Directory',
73 error   fstream_path: '/usr/local/lib/node_modules/bower',
73 error   fstream_class: 'DirWriter',
73 error   fstream_stack:
73 error    [ '/usr/local/lib/node_modules/npm/node_modules/fstream/lib/dir-writer.js:36:23',
73 error      '/usr/local/lib/node_modules/npm/node_modules/mkdirp/index.js:46:53',
73 error      'FSReqWrap.oncomplete (fs.js:99:15)' ] }
74 error Please try running this command again as root/Administrator.
75 verbose exit [ -13, true ]
76 verbose unbuild lib/node_modules/bower
77 verbose gentlyRm vacuuming /usr/local/lib/node_modules/bower
